<?xml version="1.0" encoding="UTF-8"?>
<testsuite xmlns:xsi="http://www.w3.org/2001/XMLSchema-instance" xsi:noNamespaceSchemaLocation="https://maven.apache.org/surefire/maven-surefire-plugin/xsd/surefire-test-report-3.0.xsd" version="3.0" name="TestSuite" time="251.201" tests="17" errors="0" skipped="0" failures="0">
  <properties>
[...]
</properties>
  <testcase name="testAppLaunchAnnouncement" classname="tests.AccessibilityTest" time="0.096">
    <system-out><![CDATA[✓ App launched successfully!
  App Logo Content Description: App logo and name
]]></system-out>
  </testcase>
  <testcase name="testProductImageContentDescription" classname="tests.AccessibilityTest" time="0.321">
    <system-out><![CDATA[✓ All 4 product images have accessibility descriptions!
]]></system-out>
  </testcase>
  <testcase name="testScreenReaderFocusability" classname="tests.AccessibilityTest" time="0.259">
    <system-out><![CDATA[✓ Screen has 29 focusable elements for screen readers!
]]></system-out>
  </testcase>
  <testcase name="testUIElementsAccessibility" classname="tests.AccessibilityTest" time="0.208">
    <system-out><![CDATA[✓ UI elements have proper accessibility descriptions!
  - Menu: View menu
  - Cart: View cart
]]></system-out>
  </testcase>
  <testcase name="testValidLogin" classname="tests.AppFunctionalTest" time="3.711">
    <system-out><![CDATA[DEBUG: Initial page source:
<?xml version='1.0' encoding='UTF-8' standalone='yes' ?>
<hierarchy index="0" class="hierarchy" rotation="0" width="1080" height="2201">
  <android.widget.FrameLayout index="0" package="com.saucelabs.mydemoapp.android" class="android.widget.FrameLayout" text="" checkable="false" checked="false" clickable="false" enabled="true" focusable="false" focused="false" long-clickable="false" password="false" scrollable="false" selected="false" bounds="[0,0][1080,2400]" displayed="true" a11y-important="true" screen-reader-focusable="false" drawing-order="0" showing-hint="false" text-entry-key="false" dismissable="false" a11y-focused="false" heading="false" live-region="0" context-clickable="false" content-invalid="false" window-id="419">
    <android.widget.LinearLayout index="0" package="com.saucelabs.mydemoapp.android" class="android.widget.LinearLayout" text="" checkable="false" checked="false" clickable="false" enabled="true" focusable="false" focused="false" long-clickable="false" password="false" scrollable="false" selected="false" bounds="[0,0][1080,2337]" displayed="true" a11y-important="false" screen-reader-focusable="false" drawing-order="1" showing-hint="false" text-entry-key="false" dismissable="false" a11y-focused="false" heading="false" live-region="0" context-clickable="false" content-invalid="false" window-id="419">
      <android.widget.FrameLayout index="0" package="com.saucelabs.mydemoapp.android" class="android.widget.FrameLayout" text="" checkable="false" checked="false" clickable="false" enabled="true" focusable="false" focused="false" long-clickable="false" password="false" scrollable="false" selected="false" bounds="[0,136][1080,2337]" displayed="true" a11y-important="false" screen-reader-focusable="false" drawing-order="2" showing-hint="false" text-entry-key="false" dismissable="false" a11y-focused="false" heading="false" live-region="0" context-clickable="false" content-invalid="false" window-id="419">
        <android.widget.LinearLayout index="0" package="com.saucelabs.mydemoapp.android" class="android.widget.LinearLayout" text="" resource-id="com.saucelabs.mydemoapp.android:id/action_bar_root" checkable="false" checked="false" clickable="false" enabled="true" focusable="false" focused="false" long-clickable="false" password="false" scrollable="false" selected="false" bounds="[0,136][1080,2337]" displayed="true" a11y-important="false" screen-reader-focusable="false" drawing-order="1" showing-hint="false" text-entry-key="false" dismissable="false" a11y-focused="false" heading="false" live-region="0" context-clickable="false" content-invalid="false" window-id="419">
          <android.widget.FrameLayout index="0" package="com.saucelabs.mydemoapp.android" class="android.widget.FrameLayout" text="" resource-id="android:id/content" checkable="false" checked="false" clickable="false" enabled="true" focusable="false" focused="false" long-clickable="false" password="false" scrollable="false" selected="false" bounds="[0,136][1080,2337]" displayed="true" a11y-important="false" screen-reader-focusable="false" drawing-order="2" showing-hint="false" text-entry-key="false" dismissable="false" a11y-focused="false" heading="false" live-region="0" context-clickable="false" content-invalid="false" window-id="419">
            <androidx.drawerlayout.widget.DrawerLayout index="0" package="com.saucelabs.mydemoapp.android" class="androidx.drawerlayout.widget.DrawerLayout" text="" resource-id="com.saucelabs.mydemoapp.android:id/container" checkable="false" checked="false" clickable="false" enabled="true" focusable="false" focused="false" long-clickable="false" password="false" scrollable="false" selected="false" bounds="[0,136][1080,2337]" displayed="true" a11y-important="true" screen-reader-focusable="false" drawing-order="1" showing-hint="false" text-entry-key="false" dismissable="false" a11y-focused="false" heading="false" live-region="0" context-clickable="false" content-invalid="false" window-id="419">
              <android.view.ViewGroup index="0" package="com.saucelabs.mydemoapp.android" class="android.view.ViewGroup" text="" checkable="false" checked="false" clickable="false" enabled="true" focusable="false" focused="false" long-clickable="false" password="false" scrollable="false" selected="false" bounds="[0,136][1080,2337]" displayed="true" a11y-important="true" screen-reader-focusable="false" drawing-order="1" showing-hint="false" text-entry-key="false" dismissable="false" a11y-focused="false" heading="false" live-region="0" context-clickable="false" content-invalid="false" window-id="419">
                <android.view.ViewGroup index="0" package="com.saucelabs.mydemoapp.android" class="android.view.ViewGroup" text="" resource-id="com.saucelabs.mydemoapp.android:id/header" checkable="false" checked="false" clickable="false" enabled="true" focusable="false" focused="false" long-clickable="false" password="false" scrollable="false" selected="false" bounds="[0,136][1080,267]" displayed="true" a11y-important="false" screen-reader-focusable="false" drawing-order="1" showing-hint="false" text-entry-key="false" dismissable="false" a11y-focused="false" heading="false" live-region="0" context-clickable="false" content-invalid="false" window-id="419">
                  <android.widget.ImageView index="0" package="com.saucelabs.mydemoapp.android" class="android.widget.ImageView" text="" content-desc="App logo and name" resource-id="com.saucelabs.mydemoapp.android:id/mTvTitle" checkable="false" checked="false" clickable="false" enabled="true" focusable="false" focused="false" long-clickable="false" password="false" scrollable="false" selected="false" bounds="[0,175][1080,228]" displayed="true" a11y-important="true" screen-reader-focusable="false" drawing-order="4" showing-hint="false" text-entry-key="false" dismissable="false" a11y-focused="false" heading="false" live-region="0" context-clickable="false" content-invalid="false" window-id="419" />
                  <android.widget.ImageView index="1" package="com.saucelabs.mydemoapp.android" class="android.widget.ImageView" text="" content-desc="View menu" resource-id="com.saucelabs.mydemoapp.android:id/menuIV" checkable="false" checked="false" clickable="true" enabled="true" focusable="true" focused="false" long-clickable="false" password="false" scrollable="false" selected="false" bounds="[32,162][111,241]" displayed="true" a11y-important="true" screen-reader-focusable="false" drawing-order="1" showing-hint="false" text-entry-key="false" dismissable="false" a11y-focused="false" heading="false" live-region="0" context-clickable="false" content-invalid="false" window-id="419" />
                  <android.widget.ImageView index="2" package="com.saucelabs.mydemoapp.android" class="android.widget.ImageView" text="" content-desc="Shows current sorting order and displays available sorting options" resource-id="com.saucelabs.mydemoapp.android:id/sortIV" checkable="false" checked="false" clickable="true" enabled="true" focusable="true" focused="false" long-clickable="false" password="false" scrollable="false" selected="false" bounds="[874,170][937,233]" displayed="true" a11y-important="true" screen-reader-focusable="false" drawing-order="2" showing-hint="false" text-entry-key="false" dismissable="false" a11y-focused="false" heading="false" live-region="0" context-clickable="false" content-invalid="false" window-id="419" />
                  <android.widget.RelativeLayout index="3" package="com.saucelabs.mydemoapp.android" class="android.widget.RelativeLayout" text="" content-desc="View cart" resource-id="com.saucelabs.mydemoapp.android:id/cartRL" checkable="false" checked="false" clickable="true" enabled="true" focusable="true" focused="false" long-clickable="false" password="false" scrollable="false" selected="false" bounds="[969,162][1048,241]" displayed="true" a11y-important="true" screen-reader-focusable="false" drawing-order="3" showing-hint="false" text-entry-key="false" dismissable="false" a11y-focused="false" heading="false" live-region="0" context-clickable="false" content-invalid="false" window-id="419">
                    <android.widget.ImageView index="0" package="com.saucelabs.mydemoapp.android" class="android.widget.ImageView" text="" content-desc="Displays number of items in your cart" resource-id="com.saucelabs.mydemoapp.android:id/cartIV" checkable="false" checked="false" clickable="false" enabled="true" focusable="false" focused="false" long-clickable="false" password="false" scrollable="false" selected="false" bounds="[969,170][1027,233]" displayed="true" a11y-important="true" screen-reader-focusable="false" drawing-order="1" showing-hint="false" text-entry-key="false" dismissable="false" a11y-focused="false" heading="false" live-region="0" context-clickable="false" content-invalid="false" window-id="419" />
                  </android.widget.RelativeLayout>
                  <android.view.View index="4" package="com.saucelabs.mydemoapp.android" class="android.view.View" text="" checkable="false" checked="false" clickable="false" enabled="true" focusable="false" focused="false" long-clickable="false" password="false" scrollable="false" selected="false" bounds="[0,266][1080,267]" displayed="true" a11y-important="false" screen-reader-focusable="false" drawing-order="5" showing-hint="false" text-entry-key="false" dismissable="false" a11y-focused="false" heading="false" live-region="0" context-clickable="false" content-invalid="false" window-id="419" />
                </android.view.ViewGroup>
                <android.widget.FrameLayout index="1" package="com.saucelabs.mydemoapp.android" class="android.widget.FrameLayout" text="" content-desc="Container for fragments" resource-id="com.saucelabs.mydemoapp.android:id/fragment_container" checkable="false" checked="false" clickable="false" enabled="true" focusable="false" focused="false" long-clickable="false" password="false" scrollable="false" selected="false" bounds="[0,267][1080,2337]" displayed="true" a11y-important="true" screen-reader-focusable="false" drawing-order="2" showing-hint="false" text-entry-key="false" dismissable="false" a11y-focused="false" heading="false" live-region="0" context-clickable="false" content-invalid="false" window-id="419">
                  <android.view.ViewGroup index="0" package="com.saucelabs.mydemoapp.android" class="android.view.ViewGroup" text="" checkable="false" checked="false" clickable="false" enabled="true" focusable="false" focused="false" long-clickable="false" password="false" scrollable="false" selected="false" bounds="[0,267][1080,2337]" displayed="true" a11y-important="false" screen-reader-focusable="false" drawing-order="1" showing-hint="false" text-entry-key="false" dismissable="false" a11y-focused="false" heading="false" live-region="0" context-clickable="false" content-invalid="false" window-id="419">
                    <android.widget.TextView index="0" package="com.saucelabs.mydemoapp.android" class="android.widget.TextView" text="Products" content-desc="title" resource-id="com.saucelabs.mydemoapp.android:id/productTV" checkable="false" checked="false" clickable="false" enabled="true" focusable="false" focused="false" long-clickable="false" password="false" scrollable="false" selected="false" bounds="[52,346][296,421]" displayed="true" a11y-important="true" screen-reader-focusable="false" drawing-order="1" showing-hint="false" text-entry-key="false" dismissable="false" a11y-focused="false" heading="false" live-region="0" context-clickable="false" content-invalid="false" window-id="419" />
                    <android.widget.ScrollView index="1" package="com.saucelabs.mydemoapp.android" class="android.widget.ScrollView" text="" content-desc="Scrollview manages views in given screen size" resource-id="com.saucelabs.mydemoapp.android:id/scrollView" checkable="false" checked="false" clickable="false" enabled="true" focusable="true" focused="false" long-clickable="false" password="false" scrollable="true" selected="false" bounds="[31,513][1049,2337]" displayed="true" a11y-important="true" screen-reader-focusable="false" drawing-order="2" showing-hint="false" text-entry-key="false" dismissable="false" a11y-focused="false" heading="false" live-region="0" context-clickable="false" content-invalid="false" window-id="419">
                      <android.view.ViewGroup index="0" package="com.saucelabs.mydemoapp.android" class="android.view.ViewGroup" text="" checkable="false" checked="false" clickable="false" enabled="true" focusable="false" focused="false" long-clickable="false" password="false" scrollable="false" selected="false" bounds="[31,513][1049,2337]" displayed="true" a11y-important="false" screen-reader-focusable="false" drawing-order="1" showing-hint="false" text-entry-key="false" dismissable="false" a11y-focused="false" heading="false" live-region="0" context-clickable="false" content-invalid="false" window-id="419">
                        <androidx.recyclerview.widget.RecyclerView index="0" package="com.saucelabs.mydemoapp.android" class="androidx.recyclerview.widget.RecyclerView" text="" content-desc="Displays all products of catalog" resource-id="com.saucelabs.mydemoapp.android:id/productRV" checkable="false" checked="false" clickable="false" enabled="true" focusable="true" focused="false" long-clickable="false" password="false" scrollable="false" selected="false" bounds="[31,513][1049,2337]" displayed="true" a11y-important="true" screen-reader-focusable="false" drawing-order="1" showing-hint="false" text-entry-key="false" dismissable="false" a11y-focused="false" heading="false" live-region="0" context-clickable="false" content-invalid="false" window-id="419">
                          <android.view.ViewGroup index="0" package="com.saucelabs.mydemoapp.android" class="android.view.ViewGroup" text="" checkable="false" checked="false" clickable="false" enabled="true" focusable="false" focused="false" long-clickable="false" password="false" scrollable="false" selected="false" bounds="[52,513][519,1405]" displayed="true" a11y-important="true" screen-reader-focusable="false" drawing-order="1" showing-hint="false" text-entry-key="false" dismissable="false" a11y-focused="false" heading="false" live-region="0" context-clickable="false" content-invalid="false" window-id="419">
                            <android.widget.ImageView index="0" package="com.saucelabs.mydemoapp.android" class="android.widget.ImageView" text="" content-desc="Product Image" resource-id="com.saucelabs.mydemoapp.android:id/productIV" checkable="false" checked="false" clickable="true" enabled="true" focusable="true" focused="false" long-clickable="false" password="false" scrollable="false" selected="false" bounds="[52,513][519,1096]" displayed="true" a11y-important="true" screen-reader-focusable="false" drawing-order="1" showing-hint="false" text-entry-key="false" dismissable="false" a11y-focused="false" heading="false" live-region="0" context-clickable="false" content-invalid="false" window-id="419" />
                            <android.widget.TextView index="1" package="com.saucelabs.mydemoapp.android" class="android.widget.TextView" text="Sauce Labs Backpack" content-desc="Product Title" resource-id="com.saucelabs.mydemoapp.android:id/titleTV" checkable="false" checked="false" clickable="false" enabled="true" focusable="false" focused="false" long-clickable="false" password="false" scrollable="false" selected="false" bounds="[52,1109][411,1160]" displayed="true" a11y-important="true" screen-reader-focusable="false" drawing-order="2" showing-hint="false" text-entry-key="false" dismissable="false" a11y-focused="false" heading="false" live-region="0" context-clickable="false" content-invalid="false" window-id="419" />
                            <android.widget.TextView index="2" package="com.saucelabs.mydemoapp.android" class="android.widget.TextView" text="$ 29.99" content-desc="Product Price" resource-id="com.saucelabs.mydemoapp.android:id/priceTV" checkable="false" checked="false" clickable="false" enabled="true" focusable="false" focused="false" long-clickable="false" password="false" scrollable="false" selected="false" bounds="[52,1199][230,1270]" displayed="true" a11y-important="true" screen-reader-focusable="false" drawing-order="3" showing-hint="false" text-entry-key="false" dismissable="false" a11y-focused="false" heading="false" live-region="0" context-clickable="false" content-invalid="false" window-id="419" />
                            <android.view.ViewGroup index="3" package="com.saucelabs.mydemoapp.android" class="android.view.ViewGroup" text="" resource-id="com.saucelabs.mydemoapp.android:id/rattingV" checkable="false" checked="false" clickable="false" enabled="true" focusable="false" focused="false" long-clickable="false" password="false" scrollable="false" selected="false" bounds="[52,1309][369,1362]" displayed="true" a11y-important="false" screen-reader-focusable="false" drawing-order="4" showing-hint="false" text-entry-key="false" dismissable="false" a11y-focused="false" heading="false" live-region="0" context-clickable="false" content-invalid="false" window-id="419">
                              <android.widget.LinearLayout index="0" package="com.saucelabs.mydemoapp.android" class="android.widget.LinearLayout" text="" checkable="false" checked="false" clickable="false" enabled="true" focusable="false" focused="false" long-clickable="false" password="false" scrollable="false" selected="false" bounds="[52,1309][369,1362]" displayed="true" a11y-important="false" screen-reader-focusable="false" drawing-order="1" showing-hint="false" text-entry-key="false" dismissable="false" a11y-focused="false" heading="false" live-region="0" context-clickable="false" content-invalid="false" window-id="419">
                                <android.widget.ImageView index="0" package="com.saucelabs.mydemoapp.android" class="android.widget.ImageView" text="" resource-id="com.saucelabs.mydemoapp.android:id/start1IV" checkable="false" checked="false" clickable="true" enabled="true" focusable="true" focused="false" long-clickable="false" password="false" scrollable="false" selected="false" bounds="[52,1309][105,1362]" displayed="true" a11y-important="true" screen-reader-focusable="false" drawing-order="1" showing-hint="false" text-entry-key="false" dismissable="false" a11y-focused="false" heading="false" live-region="0" context-clickable="false" content-invalid="false" window-id="419" />
                                <android.widget.ImageView index="1" package="com.saucelabs.mydemoapp.android" class="android.widget.ImageView" text="" resource-id="com.saucelabs.mydemoapp.android:id/start2IV" checkable="false" checked="false" clickable="true" enabled="true" focusable="true" focused="false" long-clickable="false" password="false" scrollable="false" selected="false" bounds="[118,1309][171,1362]" displayed="true" a11y-important="true" screen-reader-focusable="false" drawing-order="2" showing-hint="false" text-entry-key="false" dismissable="false" a11y-focused="false" heading="false" live-region="0" context-clickable="false" content-invalid="false" window-id="419" />
                                <android.widget.ImageView index="2" package="com.saucelabs.mydemoapp.android" class="android.widget.ImageView" text="" resource-id="com.saucelabs.mydemoapp.android:id/start3IV" checkable="false" checked="false" clickable="true" enabled="true" focusable="true" focused="false" long-clickable="false" password="false" scrollable="false" selected="false" bounds="[184,1309][237,1362]" displayed="true" a11y-important="true" screen-reader-focusable="false" drawing-order="3" showing-hint="false" text-entry-key="false" dismissable="false" a11y-focused="false" heading="false" live-region="0" context-clickable="false" content-invalid="false" window-id="419" />
                                <android.widget.ImageView index="3" package="com.saucelabs.mydemoapp.android" class="android.widget.ImageView" text="" resource-id="com.saucelabs.mydemoapp.android:id/start4IV" checkable="false" checked="false" clickable="true" enabled="true" focusable="true" focused="false" long-clickable="false" password="false" scrollable="false" selected="false" bounds="[250,1309][303,1362]" displayed="true" a11y-important="true" screen-reader-focusable="false" drawing-order="4" showing-hint="false" text-entry-key="false" dismissable="false" a11y-focused="false" heading="false" live-region="0" context-clickable="false" content-invalid="false" window-id="419" />
                                <android.widget.ImageView index="4" package="com.saucelabs.mydemoapp.android" class="android.widget.ImageView" text="" resource-id="com.saucelabs.mydemoapp.android:id/start5IV" checkable="false" checked="false" clickable="true" enabled="true" focusable="true" focused="false" long-clickable="false" password="false" scrollable="false" selected="false" bounds="[316,1309][369,1362]" displayed="true" a11y-important="true" screen-reader-focusable="false" drawing-order="5" showing-hint="false" text-entry-key="false" dismissable="false" a11y-focused="false" heading="false" live-region="0" context-clickable="false" content-invalid="false" window-id="419" />
                              </android.widget.LinearLayout>
                            </android.view.ViewGroup>
                          </android.view.ViewGroup>
                          <android.view.ViewGroup index="1" package="com.saucelabs.mydemoapp.android" class="android.view.ViewGroup" text="" checkable="false" checked="false" clickable="false" enabled="true" focusable="false" focused="false" long-clickable="false" password="false" scrollable="false" selected="false" bounds="[561,513][1028,1405]" displayed="true" a11y-important="true" screen-reader-focusable="false" drawing-order="2" showing-hint="false" text-entry-key="false" dismissable="false" a11y-focused="false" heading="false" live-region="0" context-clickable="false" content-invalid="false" window-id="419">
                            <android.widget.ImageView index="0" package="com.saucelabs.mydemoapp.android" class="android.widget.ImageView" text="" content-desc="Product Image" resource-id="com.saucelabs.mydemoapp.android:id/productIV" checkable="false" checked="false" clickable="true" enabled="true" focusable="true" focused="false" long-clickable="false" password="false" scrollable="false" selected="false" bounds="[561,513][1028,1096]" displayed="true" a11y-important="true" screen-reader-focusable="false" drawing-order="1" showing-hint="false" text-entry-key="false" dismissable="false" a11y-focused="false" heading="false" live-region="0" context-clickable="false" content-invalid="false" window-id="419" />
                            <android.widget.TextView index="1" package="com.saucelabs.mydemoapp.android" class="android.widget.TextView" text="Sauce Labs Backpack (green)" content-desc="Product Title" resource-id="com.saucelabs.mydemoapp.android:id/titleTV" checkable="false" checked="false" clickable="false" enabled="true" focusable="false" focused="false" long-clickable="false" password="false" scrollable="false" selected="false" bounds="[561,1109][1028,1203]" displayed="true" a11y-important="true" screen-reader-focusable="false" drawing-order="2" showing-hint="false" text-entry-key="false" dismissable="false" a11y-focused="false" heading="false" live-region="0" context-clickable="false" content-invalid="false" window-id="419" />
                            <android.widget.TextView index="2" package="com.saucelabs.mydemoapp.android" class="android.widget.TextView" text="$ 29.99" content-desc="Product Price" resource-id="com.saucelabs.mydemoapp.android:id/priceTV" checkable="false" checked="false" clickable="false" enabled="true" focusable="false" focused="false" long-clickable="false" password="false" scrollable="false" selected="false" bounds="[561,1242][739,1313]" displayed="true" a11y-important="true" screen-reader-focusable="false" drawing-order="3" showing-hint="false" text-entry-key="false" dismissable="false" a11y-focused="false" heading="false" live-region="0" context-clickable="false" content-invalid="false" window-id="419" />
                            <android.view.ViewGroup index="3" package="com.saucelabs.mydemoapp.android" class="android.view.ViewGroup" text="" resource-id="com.saucelabs.mydemoapp.android:id/rattingV" checkable="false" checked="false" clickable="false" enabled="true" focusable="false" focused="false" long-clickable="false" password="false" scrollable="false" selected="false" bounds="[561,1352][878,1405]" displayed="true" a11y-important="false" screen-reader-focusable="false" drawing-order="4" showing-hint="false" text-entry-key="false" dismissable="false" a11y-focused="false" heading="false" live-region="0" context-clickable="false" content-invalid="false" window-id="419">
                              <android.widget.LinearLayout index="0" package="com.saucelabs.mydemoapp.android" class="android.widget.LinearLayout" text="" checkable="false" checked="false" clickable="false" enabled="true" focusable="false" focused="false" long-clickable="false" password="false" scrollable="false" selected="false" bounds="[561,1352][878,1405]" displayed="true" a11y-important="false" screen-reader-focusable="false" drawing-order="1" showing-hint="false" text-entry-key="false" dismissable="false" a11y-focused="false" heading="false" live-region="0" context-clickable="false" content-invalid="false" window-id="419">
                                <android.widget.ImageView index="0" package="com.saucelabs.mydemoapp.android" class="android.widget.ImageView" text="" resource-id="com.saucelabs.mydemoapp.android:id/start1IV" checkable="false" checked="false" clickable="true" enabled="true" focusable="true" focused="false" long-clickable="false" password="false" scrollable="false" selected="false" bounds="[561,1352][614,1405]" displayed="true" a11y-important="true" screen-reader-focusable="false" drawing-order="1" showing-hint="false" text-entry-key="false" dismissable="false" a11y-focused="false" heading="false" live-region="0" context-clickable="false" content-invalid="false" window-id="419" />
                                <android.widget.ImageView index="1" package="com.saucelabs.mydemoapp.android" class="android.widget.ImageView" text="" resource-id="com.saucelabs.mydemoapp.android:id/start2IV" checkable="false" checked="false" clickable="true" enabled="true" focusable="true" focused="false" long-clickable="false" password="false" scrollable="false" selected="false" bounds="[627,1352][680,1405]" displayed="true" a11y-important="true" screen-reader-focusable="false" drawing-order="2" showing-hint="false" text-entry-key="false" dismissable="false" a11y-focused="false" heading="false" live-region="0" context-clickable="false" content-invalid="false" window-id="419" />
                                <android.widget.ImageView index="2" package="com.saucelabs.mydemoapp.android" class="android.widget.ImageView" text="" resource-id="com.saucelabs.mydemoapp.android:id/start3IV" checkable="false" checked="false" clickable="true" enabled="true" focusable="true" focused="false" long-clickable="false" password="false" scrollable="false" selected="false" bounds="[693,1352][746,1405]" displayed="true" a11y-important="true" screen-reader-focusable="false" drawing-order="3" showing-hint="false" text-entry-key="false" dismissable="false" a11y-focused="false" heading="false" live-region="0" context-clickable="false" content-invalid="false" window-id="419" />
                                <android.widget.ImageView index="3" package="com.saucelabs.mydemoapp.android" class="android.widget.ImageView" text="" resource-id="com.saucelabs.mydemoapp.android:id/start4IV" checkable="false" checked="false" clickable="true" enabled="true" focusable="true" focused="false" long-clickable="false" password="false" scrollable="false" selected="false" bounds="[759,1352][812,1405]" displayed="true" a11y-important="true" screen-reader-focusable="false" drawing-order="4" showing-hint="false" text-entry-key="false" dismissable="false" a11y-focused="false" heading="false" live-region="0" context-clickable="false" content-invalid="false" window-id="419" />
                                <android.widget.ImageView index="4" package="com.saucelabs.mydemoapp.android" class="android.widget.ImageView" text="" resource-id="com.saucelabs.mydemoapp.android:id/start5IV" checkable="false" checked="false" clickable="true" enabled="true" focusable="true" focused="false" long-clickable="false" password="false" scrollable="false" selected="false" bounds="[825,1352][878,1405]" displayed="true" a11y-important="true" screen-reader-focusable="false" drawing-order="5" showing-hint="false" text-entry-key="false" dismissable="false" a11y-focused="false" heading="false" live-region="0" context-clickable="false" content-invalid="false" window-id="419" />
                              </android.widget.LinearLayout>
                            </android.view.ViewGroup>
                          </android.view.ViewGroup>
                          <android.view.ViewGroup index="2" package="com.saucelabs.mydemoapp.android" class="android.view.ViewGroup" text="" checkable="false" checked="false" clickable="false" enabled="true" focusable="false" focused="false" long-clickable="false" password="false" scrollable="false" selected="false" bounds="[52,1458][519,2337]" displayed="true" a11y-important="true" screen-reader-focusable="false" drawing-order="3" showing-hint="false" text-entry-key="false" dismissable="false" a11y-focused="false" heading="false" live-region="0" context-clickable="false" content-invalid="false" window-id="419">
                            <android.widget.ImageView index="0" package="com.saucelabs.mydemoapp.android" class="android.widget.ImageView" text="" content-desc="Product Image" resource-id="com.saucelabs.mydemoapp.android:id/productIV" checkable="false" checked="false" clickable="true" enabled="true" focusable="true" focused="false" long-clickable="false" password="false" scrollable="false" selected="false" bounds="[52,1458][519,2041]" displayed="true" a11y-important="true" screen-reader-focusable="false" drawing-order="1" showing-hint="false" text-entry-key="false" dismissable="false" a11y-focused="false" heading="false" live-region="0" context-clickable="false" content-invalid="false" window-id="419" />
                            <android.widget.TextView index="1" package="com.saucelabs.mydemoapp.android" class="android.widget.TextView" text="Sauce Labs Backpack (orange)" content-desc="Product Title" resource-id="com.saucelabs.mydemoapp.android:id/titleTV" checkable="false" checked="false" clickable="false" enabled="true" focusable="false" focused="false" long-clickable="false" password="false" scrollable="false" selected="false" bounds="[52,2054][519,2148]" displayed="true" a11y-important="true" screen-reader-focusable="false" drawing-order="2" showing-hint="false" text-entry-key="false" dismissable="false" a11y-focused="false" heading="false" live-region="0" context-clickable="false" content-invalid="false" window-id="419" />
                            <android.widget.TextView index="2" package="com.saucelabs.mydemoapp.android" class="android.widget.TextView" text="$ 29.99" content-desc="Product Price" resource-id="com.saucelabs.mydemoapp.android:id/priceTV" checkable="false" checked="false" clickable="false" enabled="true" focusable="false" focused="false" long-clickable="false" password="false" scrollable="false" selected="false" bounds="[52,2187][230,2258]" displayed="true" a11y-important="true" screen-reader-focusable="false" drawing-order="3" showing-hint="false" text-entry-key="false" dismissable="false" a11y-focused="false" heading="false" live-region="0" context-clickable="false" content-invalid="false" window-id="419" />
                            <android.view.ViewGroup index="3" package="com.saucelabs.mydemoapp.android" class="android.view.ViewGroup" text="" resource-id="com.saucelabs.mydemoapp.android:id/rattingV" checkable="false" checked="false" clickable="false" enabled="true" focusable="false" focused="false" long-clickable="false" password="false" scrollable="false" selected="false" bounds="[52,2297][369,2337]" displayed="true" a11y-important="false" screen-reader-focusable="false" drawing-order="4" showing-hint="false" text-entry-key="false" dismissable="false" a11y-focused="false" heading="false" live-region="0" context-clickable="false" content-invalid="false" window-id="419">
                              <android.widget.LinearLayout index="0" package="com.saucelabs.mydemoapp.android" class="android.widget.LinearLayout" text="" checkable="false" checked="false" clickable="false" enabled="true" focusable="false" focused="false" long-clickable="false" password="false" scrollable="false" selected="false" bounds="[52,2297][369,2337]" displayed="true" a11y-important="false" screen-reader-focusable="false" drawing-order="1" showing-hint="false" text-entry-key="false" dismissable="false" a11y-focused="false" heading="false" live-region="0" context-clickable="false" content-invalid="false" window-id="419">
                                <android.widget.ImageView index="0" package="com.saucelabs.mydemoapp.android" class="android.widget.ImageView" text="" resource-id="com.saucelabs.mydemoapp.android:id/start1IV" checkable="false" checked="false" clickable="true" enabled="true" focusable="true" focused="false" long-clickable="false" password="false" scrollable="false" selected="false" bounds="[52,2297][105,2337]" displayed="true" a11y-important="true" screen-reader-focusable="false" drawing-order="1" showing-hint="false" text-entry-key="false" dismissable="false" a11y-focused="false" heading="false" live-region="0" context-clickable="false" content-invalid="false" window-id="419" />
                                <android.widget.ImageView index="1" package="com.saucelabs.mydemoapp.android" class="android.widget.ImageView" text="" resource-id="com.saucelabs.mydemoapp.android:id/start2IV" checkable="false" checked="false" clickable="true" enabled="true" focusable="true" focused="false" long-clickable="false" password="false" scrollable="false" selected="false" bounds="[118,2297][171,2337]" displayed="true" a11y-important="true" screen-reader-focusable="false" drawing-order="2" showing-hint="false" text-entry-key="false" dismissable="false" a11y-focused="false" heading="false" live-region="0" context-clickable="false" content-invalid="false" window-id="419" />
                                <android.widget.ImageView index="2" package="com.saucelabs.mydemoapp.android" class="android.widget.ImageView" text="" resource-id="com.saucelabs.mydemoapp.android:id/start3IV" checkable="false" checked="false" clickable="true" enabled="true" focusable="true" focused="false" long-clickable="false" password="false" scrollable="false" selected="false" bounds="[184,2297][237,2337]" displayed="true" a11y-important="true" screen-reader-focusable="false" drawing-order="3" showing-hint="false" text-entry-key="false" dismissable="false" a11y-focused="false" heading="false" live-region="0" context-clickable="false" content-invalid="false" window-id="419" />
                                <android.widget.ImageView index="3" package="com.saucelabs.mydemoapp.android" class="android.widget.ImageView" text="" resource-id="com.saucelabs.mydemoapp.android:id/start4IV" checkable="false" checked="false" clickable="true" enabled="true" focusable="true" focused="false" long-clickable="false" password="false" scrollable="false" selected="false" bounds="[250,2297][303,2337]" displayed="true" a11y-important="true" screen-reader-focusable="false" drawing-order="4" showing-hint="false" text-entry-key="false" dismissable="false" a11y-focused="false" heading="false" live-region="0" context-clickable="false" content-invalid="false" window-id="419" />
                                <android.widget.ImageView index="4" package="com.saucelabs.mydemoapp.android" class="android.widget.ImageView" text="" resource-id="com.saucelabs.mydemoapp.android:id/start5IV" checkable="false" checked="false" clickable="true" enabled="true" focusable="true" focused="false" long-clickable="false" password="false" scrollable="false" selected="false" bounds="[316,2297][369,2337]" displayed="true" a11y-important="true" screen-reader-focusable="false" drawing-order="5" showing-hint="false" text-entry-key="false" dismissable="false" a11y-focused="false" heading="false" live-region="0" context-clickable="false" content-invalid="false" window-id="419" />
                              </android.widget.LinearLayout>
                            </android.view.ViewGroup>
                          </android.view.ViewGroup>
                          <android.view.ViewGroup index="3" package="com.saucelabs.mydemoapp.android" class="android.view.ViewGroup" text="" checkable="false" checked="false" clickable="false" enabled="true" focusable="false" focused="false" long-clickable="false" password="false" scrollable="false" selected="false" bounds="[561,1458][1028,2337]" displayed="true" a11y-important="true" screen-reader-focusable="false" drawing-order="4" showing-hint="false" text-entry-key="false" dismissable="false" a11y-focused="false" heading="false" live-region="0" context-clickable="false" content-invalid="false" window-id="419">
                            <android.widget.ImageView index="0" package="com.saucelabs.mydemoapp.android" class="android.widget.ImageView" text="" content-desc="Product Image" resource-id="com.saucelabs.mydemoapp.android:id/productIV" checkable="false" checked="false" clickable="true" enabled="true" focusable="true" focused="false" long-clickable="false" password="false" scrollable="false" selected="false" bounds="[561,1458][1028,2041]" displayed="true" a11y-important="true" screen-reader-focusable="false" drawing-order="1" showing-hint="false" text-entry-key="false" dismissable="false" a11y-focused="false" heading="false" live-region="0" context-clickable="false" content-invalid="false" window-id="419" />
                            <android.widget.TextView index="1" package="com.saucelabs.mydemoapp.android" class="android.widget.TextView" text="Sauce Labs Backpack (red)" content-desc="Product Title" resource-id="com.saucelabs.mydemoapp.android:id/titleTV" checkable="false" checked="false" clickable="false" enabled="true" focusable="false" focused="false" long-clickable="false" password="false" scrollable="false" selected="false" bounds="[561,2054][1009,2105]" displayed="true" a11y-important="true" screen-reader-focusable="false" drawing-order="2" showing-hint="false" text-entry-key="false" dismissable="false" a11y-focused="false" heading="false" live-region="0" context-clickable="false" content-invalid="false" window-id="419" />
                            <android.widget.TextView index="2" package="com.saucelabs.mydemoapp.android" class="android.widget.TextView" text="$ 29.99" content-desc="Product Price" resource-id="com.saucelabs.mydemoapp.android:id/priceTV" checkable="false" checked="false" clickable="false" enabled="true" focusable="false" focused="false" long-clickable="false" password="false" scrollable="false" selected="false" bounds="[561,2144][739,2215]" displayed="true" a11y-important="true" screen-reader-focusable="false" drawing-order="3" showing-hint="false" text-entry-key="false" dismissable="false" a11y-focused="false" heading="false" live-region="0" context-clickable="false" content-invalid="false" window-id="419" />
                            <android.view.ViewGroup index="3" package="com.saucelabs.mydemoapp.android" class="android.view.ViewGroup" text="" resource-id="com.saucelabs.mydemoapp.android:id/rattingV" checkable="false" checked="false" clickable="false" enabled="true" focusable="false" focused="false" long-clickable="false" password="false" scrollable="false" selected="false" bounds="[561,2254][878,2307]" displayed="true" a11y-important="false" screen-reader-focusable="false" drawing-order="4" showing-hint="false" text-entry-key="false" dismissable="false" a11y-focused="false" heading="false" live-region="0" context-clickable="false" content-invalid="false" window-id="419">
                              <android.widget.LinearLayout index="0" package="com.saucelabs.mydemoapp.android" class="android.widget.LinearLayout" text="" checkable="false" checked="false" clickable="false" enabled="true" focusable="false" focused="false" long-clickable="false" password="false" scrollable="false" selected="false" bounds="[561,2254][878,2307]" displayed="true" a11y-important="false" screen-reader-focusable="false" drawing-order="1" showing-hint="false" text-entry-key="false" dismissable="false" a11y-focused="false" heading="false" live-region="0" context-clickable="false" content-invalid="false" window-id="419">
                                <android.widget.ImageView index="0" package="com.saucelabs.mydemoapp.android" class="android.widget.ImageView" text="" resource-id="com.saucelabs.mydemoapp.android:id/start1IV" checkable="false" checked="false" clickable="true" enabled="true" focusable="true" focused="false" long-clickable="false" password="false" scrollable="false" selected="false" bounds="[561,2254][614,2307]" displayed="true" a11y-important="true" screen-reader-focusable="false" drawing-order="1" showing-hint="false" text-entry-key="false" dismissable="false" a11y-focused="false" heading="false" live-region="0" context-clickable="false" content-invalid="false" window-id="419" />
                                <android.widget.ImageView index="1" package="com.saucelabs.mydemoapp.android" class="android.widget.ImageView" text="" resource-id="com.saucelabs.mydemoapp.android:id/start2IV" checkable="false" checked="false" clickable="true" enabled="true" focusable="true" focused="false" long-clickable="false" password="false" scrollable="false" selected="false" bounds="[627,2254][680,2307]" displayed="true" a11y-important="true" screen-reader-focusable="false" drawing-order="2" showing-hint="false" text-entry-key="false" dismissable="false" a11y-focused="false" heading="false" live-region="0" context-clickable="false" content-invalid="false" window-id="419" />
                                <android.widget.ImageView index="2" package="com.saucelabs.mydemoapp.android" class="android.widget.ImageView" text="" resource-id="com.saucelabs.mydemoapp.android:id/start3IV" checkable="false" checked="false" clickable="true" enabled="true" focusable="true" focused="false" long-clickable="false" password="false" scrollable="false" selected="false" bounds="[693,2254][746,2307]" displayed="true" a11y-important="true" screen-reader-focusable="false" drawing-order="3" showing-hint="false" text-entry-key="false" dismissable="false" a11y-focused="false" heading="false" live-region="0" context-clickable="false" content-invalid="false" window-id="419" />
                                <android.widget.ImageView index="3" package="com.saucelabs.mydemoapp.android" class="android.widget.ImageView" text="" resource-id="com.saucelabs.mydemoapp.android:id/start4IV" checkable="false" checked="false" clickable="true" enabled="true" focusable="true" focused="false" long-clickable="false" password="false" scrollable="false" selected="false" bounds="[759,2254][812,2307]" displayed="true" a11y-important="true" screen-reader-focusable="false" drawing-order="4" showing-hint="false" text-entry-key="false" dismissable="false" a11y-focused="false" heading="false" live-region="0" context-clickable="false" content-invalid="false" window-id="419" />
                                <android.widget.ImageView index="4" package="com.saucelabs.mydemoapp.android" class="android.widget.ImageView" text="" resource-id="com.saucelabs.mydemoapp.android:id/start5IV" checkable="false" checked="false" clickable="true" enabled="true" focusable="true" focused="false" long-clickable="false" password="false" scrollable="false" selected="false" bounds="[825,2254][878,2307]" displayed="true" a11y-important="true" screen-reader-focusable="false" drawing-order="5" showing-hint="false" text-entry-key="false" dismissable="false" a11y-focused="false" heading="false" live-region="0" context-clickable="false" content-invalid="false" window-id="419" />
                              </android.widget.LinearLayout>
                            </android.view.ViewGroup>
                          </android.view.ViewGroup>
                        </androidx.recyclerview.widget.RecyclerView>
                      </android.view.ViewGroup>
                    </android.widget.ScrollView>
                  </android.view.ViewGroup>
                </android.widget.FrameLayout>
              </android.view.ViewGroup>
            </androidx.drawerlayout.widget.DrawerLayout>
          </android.widget.FrameLayout>
        </android.widget.LinearLayout>
      </android.widget.FrameLayout>
    </android.widget.LinearLayout>
    <android.view.View index="2" package="com.saucelabs.mydemoapp.android" class="android.view.View" text="" resource-id="android:id/navigationBarBackground" checkable="false" checked="false" clickable="false" enabled="true" focusable="false" focused="false" long-clickable="false" password="false" scrollable="false" selected="false" bounds="[0,2337][1080,2400]" displayed="true" a11y-important="false" screen-reader-focusable="false" drawing-order="2" showing-hint="false" text-entry-key="false" dismissable="false" a11y-focused="false" heading="false" live-region="0" context-clickable="false" content-invalid="false" window-id="419" />
  </android.widget.FrameLayout>
</hierarchy>
DEBUG: Clicking menu button...
DEBUG: Page source after menu click:
<?xml version='1.0' encoding='UTF-8' standalone='yes' ?>
<hierarchy index="0" class="hierarchy" rotation="0" width="1080" height="2201">
  <android.widget.FrameLayout index="0" package="com.saucelabs.mydemoapp.android" class="android.widget.FrameLayout" text="" checkable="false" checked="false" clickable="false" enabled="true" focusable="false" focused="false" long-clickable="false" password="false" scrollable="false" selected="false" bounds="[0,0][1080,2400]" displayed="true" a11y-important="true" screen-reader-focusable="false" drawing-order="0" showing-hint="false" text-entry-key="false" dismissable="false" a11y-focused="false" heading="false" live-region="0" context-clickable="false" content-invalid="false" window-id="419">
    <android.widget.LinearLayout index="0" package="com.saucelabs.mydemoapp.android" class="android.widget.LinearLayout" text="" checkable="false" checked="false" clickable="false" enabled="true" focusable="false" focused="false" long-clickable="false" password="false" scrollable="false" selected="false" bounds="[0,0][1080,2337]" displayed="true" a11y-important="false" screen-reader-focusable="false" drawing-order="1" showing-hint="false" text-entry-key="false" dismissable="false" a11y-focused="false" heading="false" live-region="0" context-clickable="false" content-invalid="false" window-id="419">
      <android.widget.FrameLayout index="0" package="com.saucelabs.mydemoapp.android" class="android.widget.FrameLayout" text="" checkable="false" checked="false" clickable="false" enabled="true" focusable="false" focused="false" long-clickable="false" password="false" scrollable="false" selected="false" bounds="[0,136][1080,2337]" displayed="true" a11y-important="false" screen-reader-focusable="false" drawing-order="2" showing-hint="false" text-entry-key="false" dismissable="false" a11y-focused="false" heading="false" live-region="0" context-clickable="false" content-invalid="false" window-id="419">
        <android.widget.LinearLayout index="0" package="com.saucelabs.mydemoapp.android" class="android.widget.LinearLayout" text="" resource-id="com.saucelabs.mydemoapp.android:id/action_bar_root" checkable="false" checked="false" clickable="false" enabled="true" focusable="false" focused="false" long-clickable="false" password="false" scrollable="false" selected="false" bounds="[0,136][1080,2337]" displayed="true" a11y-important="false" screen-reader-focusable="false" drawing-order="1" showing-hint="false" text-entry-key="false" dismissable="false" a11y-focused="false" heading="false" live-region="0" context-clickable="false" content-invalid="false" window-id="419">
          <android.widget.FrameLayout index="0" package="com.saucelabs.mydemoapp.android" class="android.widget.FrameLayout" text="" resource-id="android:id/content" checkable="false" checked="false" clickable="false" enabled="true" focusable="false" focused="false" long-clickable="false" password="false" scrollable="false" selected="false" bounds="[0,136][1080,2337]" displayed="true" a11y-important="false" screen-reader-focusable="false" drawing-order="2" showing-hint="false" text-entry-key="false" dismissable="false" a11y-focused="false" heading="false" live-region="0" context-clickable="false" content-invalid="false" window-id="419">
            <androidx.drawerlayout.widget.DrawerLayout index="0" package="com.saucelabs.mydemoapp.android" class="androidx.drawerlayout.widget.DrawerLayout" text="" resource-id="com.saucelabs.mydemoapp.android:id/container" checkable="false" checked="false" clickable="false" enabled="true" focusable="false" focused="false" long-clickable="false" password="false" scrollable="false" selected="false" bounds="[0,136][1080,2337]" displayed="true" a11y-important="true" screen-reader-focusable="false" drawing-order="1" showing-hint="false" text-entry-key="false" dismissable="false" a11y-focused="false" heading="false" live-region="0" context-clickable="false" content-invalid="false" window-id="419">
              <android.view.ViewGroup index="0" package="com.saucelabs.mydemoapp.android" class="android.view.ViewGroup" text="" checkable="false" checked="false" clickable="false" enabled="true" focusable="false" focused="false" long-clickable="false" password="false" scrollable="false" selected="false" bounds="[0,136][1080,2337]" displayed="true" a11y-important="false" screen-reader-focusable="false" drawing-order="1" showing-hint="false" text-entry-key="false" dismissable="false" a11y-focused="false" heading="false" live-region="0" context-clickable="false" content-invalid="false" window-id="419">
                <android.view.ViewGroup index="0" package="com.saucelabs.mydemoapp.android" class="android.view.ViewGroup" text="" resource-id="com.saucelabs.mydemoapp.android:id/header" checkable="false" checked="false" clickable="false" enabled="true" focusable="false" focused="false" long-clickable="false" password="false" scrollable="false" selected="false" bounds="[0,136][1080,267]" displayed="true" a11y-important="false" screen-reader-focusable="false" drawing-order="1" showing-hint="false" text-entry-key="false" dismissable="false" a11y-focused="false" heading="false" live-region="0" context-clickable="false" content-invalid="false" window-id="419">
                  <android.widget.ImageView index="0" package="com.saucelabs.mydemoapp.android" class="android.widget.ImageView" text="" content-desc="App logo and name" resource-id="com.saucelabs.mydemoapp.android:id/mTvTitle" checkable="false" checked="false" clickable="false" enabled="true" focusable="false" focused="false" long-clickable="false" password="false" scrollable="false" selected="false" bounds="[0,175][1080,228]" displayed="true" a11y-important="false" screen-reader-focusable="false" drawing-order="4" showing-hint="false" text-entry-key="false" dismissable="false" a11y-focused="false" heading="false" live-region="0" context-clickable="false" content-invalid="false" window-id="419" />
                  <android.widget.ImageView index="1" package="com.saucelabs.mydemoapp.android" class="android.widget.ImageView" text="" content-desc="View menu" resource-id="com.saucelabs.mydemoapp.android:id/menuIV" checkable="false" checked="false" clickable="true" enabled="true" focusable="true" focused="false" long-clickable="false" password="false" scrollable="false" selected="false" bounds="[32,162][111,241]" displayed="true" a11y-important="false" screen-reader-focusable="false" drawing-order="1" showing-hint="false" text-entry-key="false" dismissable="false" a11y-focused="false" heading="false" live-region="0" context-clickable="false" content-invalid="false" window-id="419" />
                  <android.widget.ImageView index="2" package="com.saucelabs.mydemoapp.android" class="android.widget.ImageView" text="" content-desc="Shows current sorting order and displays available sorting options" resource-id="com.saucelabs.mydemoapp.android:id/sortIV" checkable="false" checked="false" clickable="true" enabled="true" focusable="true" focused="false" long-clickable="false" password="false" scrollable="false" selected="false" bounds="[874,170][937,233]" displayed="true" a11y-important="false" screen-reader-focusable="false" drawing-order="2" showing-hint="false" text-entry-key="false" dismissable="false" a11y-focused="false" heading="false" live-region="0" context-clickable="false" content-invalid="false" window-id="419" />
                  <android.widget.RelativeLayout index="3" package="com.saucelabs.mydemoapp.android" class="android.widget.RelativeLayout" text="" content-desc="View cart" resource-id="com.saucelabs.mydemoapp.android:id/cartRL" checkable="false" checked="false" clickable="true" enabled="true" focusable="true" focused="false" long-clickable="false" password="false" scrollable="false" selected="false" bounds="[969,162][1048,241]" displayed="true" a11y-important="false" screen-reader-focusable="false" drawing-order="3" showing-hint="false" text-entry-key="false" dismissable="false" a11y-focused="false" heading="false" live-region="0" context-clickable="false" content-invalid="false" window-id="419">
                    <android.widget.ImageView index="0" package="com.saucelabs.mydemoapp.android" class="android.widget.ImageView" text="" content-desc="Displays number of items in your cart" resource-id="com.saucelabs.mydemoapp.android:id/cartIV" checkable="false" checked="false" clickable="false" enabled="true" focusable="false" focused="false" long-clickable="false" password="false" scrollable="false" selected="false" bounds="[969,170][1027,233]" displayed="true" a11y-important="false" screen-reader-focusable="false" drawing-order="1" showing-hint="false" text-entry-key="false" dismissable="false" a11y-focused="false" heading="false" live-region="0" context-clickable="false" content-invalid="false" window-id="419" />
                  </android.widget.RelativeLayout>
                  <android.view.View index="4" package="com.saucelabs.mydemoapp.android" class="android.view.View" text="" checkable="false" checked="false" clickable="false" enabled="true" focusable="false" focused="false" long-clickable="false" password="false" scrollable="false" selected="false" bounds="[0,266][1080,267]" displayed="true" a11y-important="false" screen-reader-focusable="false" drawing-order="5" showing-hint="false" text-entry-key="false" dismissable="false" a11y-focused="false" heading="false" live-region="0" context-clickable="false" content-invalid="false" window-id="419" />
                </android.view.ViewGroup>
                <android.widget.FrameLayout index="1" package="com.saucelabs.mydemoapp.android" class="android.widget.FrameLayout" text="" content-desc="Container for fragments" resource-id="com.saucelabs.mydemoapp.android:id/fragment_container" checkable="false" checked="false" clickable="false" enabled="true" focusable="false" focused="false" long-clickable="false" password="false" scrollable="false" selected="false" bounds="[0,267][1080,2337]" displayed="true" a11y-important="false" screen-reader-focusable="false" drawing-order="2" showing-hint="false" text-entry-key="false" dismissable="false" a11y-focused="false" heading="false" live-region="0" context-clickable="false" content-invalid="false" window-id="419">
                  <android.view.ViewGroup index="0" package="com.saucelabs.mydemoapp.android" class="android.view.ViewGroup" text="" checkable="false" checked="false" clickable="false" enabled="true" focusable="false" focused="false" long-clickable="false" password="false" scrollable="false" selected="false" bounds="[0,267][1080,2337]" displayed="true" a11y-important="false" screen-reader-focusable="false" drawing-order="1" showing-hint="false" text-entry-key="false" dismissable="false" a11y-focused="false" heading="false" live-region="0" context-clickable="false" content-invalid="false" window-id="419">
                    <android.widget.TextView index="0" package="com.saucelabs.mydemoapp.android" class="android.widget.TextView" text="Products" content-desc="title" resource-id="com.saucelabs.mydemoapp.android:id/productTV" checkable="false" checked="false" clickable="false" enabled="true" focusable="false" focused="false" long-clickable="false" password="false" scrollable="false" selected="false" bounds="[52,346][296,421]" displayed="true" a11y-important="false" screen-reader-focusable="false" drawing-order="1" showing-hint="false" text-entry-key="false" dismissable="false" a11y-focused="false" heading="false" live-region="0" context-clickable="false" content-invalid="false" window-id="419" />
                    <android.widget.ScrollView index="1" package="com.saucelabs.mydemoapp.android" class="android.widget.ScrollView" text="" content-desc="Scrollview manages views in given screen size" resource-id="com.saucelabs.mydemoapp.android:id/scrollView" checkable="false" checked="false" clickable="false" enabled="true" focusable="true" focused="false" long-clickable="false" password="false" scrollable="true" selected="false" bounds="[31,513][1049,2337]" displayed="true" a11y-important="false" screen-reader-focusable="false" drawing-order="2" showing-hint="false" text-entry-key="false" dismissable="false" a11y-focused="false" heading="false" live-region="0" context-clickable="false" content-invalid="false" window-id="419">
                      <android.view.ViewGroup index="0" package="com.saucelabs.mydemoapp.android" class="android.view.ViewGroup" text="" checkable="false" checked="false" clickable="false" enabled="true" focusable="false" focused="false" long-clickable="false" password="false" scrollable="false" selected="false" bounds="[31,513][1049,2337]" displayed="true" a11y-important="false" screen-reader-focusable="false" drawing-order="1" showing-hint="false" text-entry-key="false" dismissable="false" a11y-focused="false" heading="false" live-region="0" context-clickable="false" content-invalid="false" window-id="419">
                        <androidx.recyclerview.widget.RecyclerView index="0" package="com.saucelabs.mydemoapp.android" class="androidx.recyclerview.widget.RecyclerView" text="" content-desc="Displays all products of catalog" resource-id="com.saucelabs.mydemoapp.android:id/productRV" checkable="false" checked="false" clickable="false" enabled="true" focusable="true" focused="false" long-clickable="false" password="false" scrollable="false" selected="false" bounds="[31,513][1049,2337]" displayed="true" a11y-important="false" screen-reader-focusable="false" drawing-order="1" showing-hint="false" text-entry-key="false" dismissable="false" a11y-focused="false" heading="false" live-region="0" context-clickable="false" content-invalid="false" window-id="419">
                          <android.view.ViewGroup index="0" package="com.saucelabs.mydemoapp.android" class="android.view.ViewGroup" text="" checkable="false" checked="false" clickable="false" enabled="true" focusable="false" focused="false" long-clickable="false" password="false" scrollable="false" selected="false" bounds="[52,513][519,1405]" displayed="true" a11y-important="false" screen-reader-focusable="false" drawing-order="1" showing-hint="false" text-entry-key="false" dismissable="false" a11y-focused="false" heading="false" live-region="0" context-clickable="false" content-invalid="false" window-id="419">
                            <android.widget.ImageView index="0" package="com.saucelabs.mydemoapp.android" class="android.widget.ImageView" text="" content-desc="Product Image" resource-id="com.saucelabs.mydemoapp.android:id/productIV" checkable="false" checked="false" clickable="true" enabled="true" focusable="true" focused="false" long-clickable="false" password="false" scrollable="false" selected="false" bounds="[52,513][519,1096]" displayed="true" a11y-important="false" screen-reader-focusable="false" drawing-order="1" showing-hint="false" text-entry-key="false" dismissable="false" a11y-focused="false" heading="false" live-region="0" context-clickable="false" content-invalid="false" window-id="419" />
                            <android.widget.TextView index="1" package="com.saucelabs.mydemoapp.android" class="android.widget.TextView" text="Sauce Labs Backpack" content-desc="Product Title" resource-id="com.saucelabs.mydemoapp.android:id/titleTV" checkable="false" checked="false" clickable="false" enabled="true" focusable="false" focused="false" long-clickable="false" password="false" scrollable="false" selected="false" bounds="[52,1109][411,1160]" displayed="true" a11y-important="false" screen-reader-focusable="false" drawing-order="2" showing-hint="false" text-entry-key="false" dismissable="false" a11y-focused="false" heading="false" live-region="0" context-clickable="false" content-invalid="false" window-id="419" />
                            <android.widget.TextView index="2" package="com.saucelabs.mydemoapp.android" class="android.widget.TextView" text="$ 29.99" content-desc="Product Price" resource-id="com.saucelabs.mydemoapp.android:id/priceTV" checkable="false" checked="false" clickable="false" enabled="true" focusable="false" focused="false" long-clickable="false" password="false" scrollable="false" selected="false" bounds="[52,1199][230,1270]" displayed="true" a11y-important="false" screen-reader-focusable="false" drawing-order="3" showing-hint="false" text-entry-key="false" dismissable="false" a11y-focused="false" heading="false" live-region="0" context-clickable="false" content-invalid="false" window-id="419" />
                            <android.view.ViewGroup index="3" package="com.saucelabs.mydemoapp.android" class="android.view.ViewGroup" text="" resource-id="com.saucelabs.mydemoapp.android:id/rattingV" checkable="false" checked="false" clickable="false" enabled="true" focusable="false" focused="false" long-clickable="false" password="false" scrollable="false" selected="false" bounds="[52,1309][369,1362]" displayed="true" a11y-important="false" screen-reader-focusable="false" drawing-order="4" showing-hint="false" text-entry-key="false" dismissable="false" a11y-focused="false" heading="false" live-region="0" context-clickable="false" content-invalid="false" window-id="419">
                              <android.widget.LinearLayout index="0" package="com.saucelabs.mydemoapp.android" class="android.widget.LinearLayout" text="" checkable="false" checked="false" clickable="false" enabled="true" focusable="false" focused="false" long-clickable="false" password="false" scrollable="false" selected="false" bounds="[52,1309][369,1362]" displayed="true" a11y-important="false" screen-reader-focusable="false" drawing-order="1" showing-hint="false" text-entry-key="false" dismissable="false" a11y-focused="false" heading="false" live-region="0" context-clickable="false" content-invalid="false" window-id="419">
                                <android.widget.ImageView index="0" package="com.saucelabs.mydemoapp.android" class="android.widget.ImageView" text="" resource-id="com.saucelabs.mydemoapp.android:id/start1IV" checkable="false" checked="false" clickable="true" enabled="true" focusable="true" focused="false" long-clickable="false" password="false" scrollable="false" selected="false" bounds="[52,1309][105,1362]" displayed="true" a11y-important="false" screen-reader-focusable="false" drawing-order="1" showing-hint="false" text-entry-key="false" dismissable="false" a11y-focused="false" heading="false" live-region="0" context-clickable="false" content-invalid="false" window-id="419" />
                                <android.widget.ImageView index="1" package="com.saucelabs.mydemoapp.android" class="android.widget.ImageView" text="" resource-id="com.saucelabs.mydemoapp.android:id/start2IV" checkable="false" checked="false" clickable="true" enabled="true" focusable="true" focused="false" long-clickable="false" password="false" scrollable="false" selected="false" bounds="[118,1309][171,1362]" displayed="true" a11y-important="false" screen-reader-focusable="false" drawing-order="2" showing-hint="false" text-entry-key="false" dismissable="false" a11y-focused="false" heading="false" live-region="0" context-clickable="false" content-invalid="false" window-id="419" />
                                <android.widget.ImageView index="2" package="com.saucelabs.mydemoapp.android" class="android.widget.ImageView" text="" resource-id="com.saucelabs.mydemoapp.android:id/start3IV" checkable="false" checked="false" clickable="true" enabled="true" focusable="true" focused="false" long-clickable="false" password="false" scrollable="false" selected="false" bounds="[184,1309][237,1362]" displayed="true" a11y-important="false" screen-reader-focusable="false" drawing-order="3" showing-hint="false" text-entry-key="false" dismissable="false" a11y-focused="false" heading="false" live-region="0" context-clickable="false" content-invalid="false" window-id="419" />
                                <android.widget.ImageView index="3" package="com.saucelabs.mydemoapp.android" class="android.widget.ImageView" text="" resource-id="com.saucelabs.mydemoapp.android:id/start4IV" checkable="false" checked="false" clickable="true" enabled="true" focusable="true" focused="false" long-clickable="false" password="false" scrollable="false" selected="false" bounds="[250,1309][303,1362]" displayed="true" a11y-important="false" screen-reader-focusable="false" drawing-order="4" showing-hint="false" text-entry-key="false" dismissable="false" a11y-focused="false" heading="false" live-region="0" context-clickable="false" content-invalid="false" window-id="419" />
                                <android.widget.ImageView index="4" package="com.saucelabs.mydemoapp.android" class="android.widget.ImageView" text="" resource-id="com.saucelabs.mydemoapp.android:id/start5IV" checkable="false" checked="false" clickable="true" enabled="true" focusable="true" focused="false" long-clickable="false" password="false" scrollable="false" selected="false" bounds="[316,1309][369,1362]" displayed="true" a11y-important="false" screen-reader-focusable="false" drawing-order="5" showing-hint="false" text-entry-key="false" dismissable="false" a11y-focused="false" heading="false" live-region="0" context-clickable="false" content-invalid="false" window-id="419" />
                              </android.widget.LinearLayout>
                            </android.view.ViewGroup>
                          </android.view.ViewGroup>
                          <android.view.ViewGroup index="1" package="com.saucelabs.mydemoapp.android" class="android.view.ViewGroup" text="" checkable="false" checked="false" clickable="false" enabled="true" focusable="false" focused="false" long-clickable="false" password="false" scrollable="false" selected="false" bounds="[561,513][1028,1405]" displayed="true" a11y-important="false" screen-reader-focusable="false" drawing-order="2" showing-hint="false" text-entry-key="false" dismissable="false" a11y-focused="false" heading="false" live-region="0" context-clickable="false" content-invalid="false" window-id="419">
                            <android.widget.ImageView index="0" package="com.saucelabs.mydemoapp.android" class="android.widget.ImageView" text="" content-desc="Product Image" resource-id="com.saucelabs.mydemoapp.android:id/productIV" checkable="false" checked="false" clickable="true" enabled="true" focusable="true" focused="false" long-clickable="false" password="false" scrollable="false" selected="false" bounds="[561,513][1028,1096]" displayed="true" a11y-important="false" screen-reader-focusable="false" drawing-order="1" showing-hint="false" text-entry-key="false" dismissable="false" a11y-focused="false" heading="false" live-region="0" context-clickable="false" content-invalid="false" window-id="419" />
                            <android.widget.TextView index="1" package="com.saucelabs.mydemoapp.android" class="android.widget.TextView" text="Sauce Labs Backpack (green)" content-desc="Product Title" resource-id="com.saucelabs.mydemoapp.android:id/titleTV" checkable="false" checked="false" clickable="false" enabled="true" focusable="false" focused="false" long-clickable="false" password="false" scrollable="false" selected="false" bounds="[561,1109][1028,1203]" displayed="true" a11y-important="false" screen-reader-focusable="false" drawing-order="2" showing-hint="false" text-entry-key="false" dismissable="false" a11y-focused="false" heading="false" live-region="0" context-clickable="false" content-invalid="false" window-id="419" />
                            <android.widget.TextView index="2" package="com.saucelabs.mydemoapp.android" class="android.widget.TextView" text="$ 29.99" content-desc="Product Price" resource-id="com.saucelabs.mydemoapp.android:id/priceTV" checkable="false" checked="false" clickable="false" enabled="true" focusable="false" focused="false" long-clickable="false" password="false" scrollable="false" selected="false" bounds="[561,1242][739,1313]" displayed="true" a11y-important="false" screen-reader-focusable="false" drawing-order="3" showing-hint="false" text-entry-key="false" dismissable="false" a11y-focused="false" heading="false" live-region="0" context-clickable="false" content-invalid="false" window-id="419" />
                            <android.view.ViewGroup index="3" package="com.saucelabs.mydemoapp.android" class="android.view.ViewGroup" text="" resource-id="com.saucelabs.mydemoapp.android:id/rattingV" checkable="false" checked="false" clickable="false" enabled="true" focusable="false" focused="false" long-clickable="false" password="false" scrollable="false" selected="false" bounds="[561,1352][878,1405]" displayed="true" a11y-important="false" screen-reader-focusable="false" drawing-order="4" showing-hint="false" text-entry-key="false" dismissable="false" a11y-focused="false" heading="false" live-region="0" context-clickable="false" content-invalid="false" window-id="419">
                              <android.widget.LinearLayout index="0" package="com.saucelabs.mydemoapp.android" class="android.widget.LinearLayout" text="" checkable="false" checked="false" clickable="false" enabled="true" focusable="false" focused="false" long-clickable="false" password="false" scrollable="false" selected="false" bounds="[561,1352][878,1405]" displayed="true" a11y-important="false" screen-reader-focusable="false" drawing-order="1" showing-hint="false" text-entry-key="false" dismissable="false" a11y-focused="false" heading="false" live-region="0" context-clickable="false" content-invalid="false" window-id="419">
                                <android.widget.ImageView index="0" package="com.saucelabs.mydemoapp.android" class="android.widget.ImageView" text="" resource-id="com.saucelabs.mydemoapp.android:id/start1IV" checkable="false" checked="false" clickable="true" enabled="true" focusable="true" focused="false" long-clickable="false" password="false" scrollable="false" selected="false" bounds="[561,1352][614,1405]" displayed="true" a11y-important="false" screen-reader-focusable="false" drawing-order="1" showing-hint="false" text-entry-key="false" dismissable="false" a11y-focused="false" heading="false" live-region="0" context-clickable="false" content-invalid="false" window-id="419" />
                                <android.widget.ImageView index="1" package="com.saucelabs.mydemoapp.android" class="android.widget.ImageView" text="" resource-id="com.saucelabs.mydemoapp.android:id/start2IV" checkable="false" checked="false" clickable="true" enabled="true" focusable="true" focused="false" long-clickable="false" password="false" scrollable="false" selected="false" bounds="[627,1352][680,1405]" displayed="true" a11y-important="false" screen-reader-focusable="false" drawing-order="2" showing-hint="false" text-entry-key="false" dismissable="false" a11y-focused="false" heading="false" live-region="0" context-clickable="false" content-invalid="false" window-id="419" />
                                <android.widget.ImageView index="2" package="com.saucelabs.mydemoapp.android" class="android.widget.ImageView" text="" resource-id="com.saucelabs.mydemoapp.android:id/start3IV" checkable="false" checked="false" clickable="true" enabled="true" focusable="true" focused="false" long-clickable="false" password="false" scrollable="false" selected="false" bounds="[693,1352][746,1405]" displayed="true" a11y-important="false" screen-reader-focusable="false" drawing-order="3" showing-hint="false" text-entry-key="false" dismissable="false" a11y-focused="false" heading="false" live-region="0" context-clickable="false" content-invalid="false" window-id="419" />
                                <android.widget.ImageView index="3" package="com.saucelabs.mydemoapp.android" class="android.widget.ImageView" text="" resource-id="com.saucelabs.mydemoapp.android:id/start4IV" checkable="false" checked="false" clickable="true" enabled="true" focusable="true" focused="false" long-clickable="false" password="false" scrollable="false" selected="false" bounds="[759,1352][812,1405]" displayed="true" a11y-important="false" screen-reader-focusable="false" drawing-order="4" showing-hint="false" text-entry-key="false" dismissable="false" a11y-focused="false" heading="false" live-region="0" context-clickable="false" content-invalid="false" window-id="419" />
                                <android.widget.ImageView index="4" package="com.saucelabs.mydemoapp.android" class="android.widget.ImageView" text="" resource-id="com.saucelabs.mydemoapp.android:id/start5IV" checkable="false" checked="false" clickable="true" enabled="true" focusable="true" focused="false" long-clickable="false" password="false" scrollable="false" selected="false" bounds="[825,1352][878,1405]" displayed="true" a11y-important="false" screen-reader-focusable="false" drawing-order="5" showing-hint="false" text-entry-key="false" dismissable="false" a11y-focused="false" heading="false" live-region="0" context-clickable="false" content-invalid="false" window-id="419" />
                              </android.widget.LinearLayout>
                            </android.view.ViewGroup>
                          </android.view.ViewGroup>
                          <android.view.ViewGroup index="2" package="com.saucelabs.mydemoapp.android" class="android.view.ViewGroup" text="" checkable="false" checked="false" clickable="false" enabled="true" focusable="false" focused="false" long-clickable="false" password="false" scrollable="false" selected="false" bounds="[52,1458][519,2337]" displayed="true" a11y-important="false" screen-reader-focusable="false" drawing-order="3" showing-hint="false" text-entry-key="false" dismissable="false" a11y-focused="false" heading="false" live-region="0" context-clickable="false" content-invalid="false" window-id="419">
                            <android.widget.ImageView index="0" package="com.saucelabs.mydemoapp.android" class="android.widget.ImageView" text="" content-desc="Product Image" resource-id="com.saucelabs.mydemoapp.android:id/productIV" checkable="false" checked="false" clickable="true" enabled="true" focusable="true" focused="false" long-clickable="false" password="false" scrollable="false" selected="false" bounds="[52,1458][519,2041]" displayed="true" a11y-important="false" screen-reader-focusable="false" drawing-order="1" showing-hint="false" text-entry-key="false" dismissable="false" a11y-focused="false" heading="false" live-region="0" context-clickable="false" content-invalid="false" window-id="419" />
                            <android.widget.TextView index="1" package="com.saucelabs.mydemoapp.android" class="android.widget.TextView" text="Sauce Labs Backpack (orange)" content-desc="Product Title" resource-id="com.saucelabs.mydemoapp.android:id/titleTV" checkable="false" checked="false" clickable="false" enabled="true" focusable="false" focused="false" long-clickable="false" password="false" scrollable="false" selected="false" bounds="[52,2054][519,2148]" displayed="true" a11y-important="false" screen-reader-focusable="false" drawing-order="2" showing-hint="false" text-entry-key="false" dismissable="false" a11y-focused="false" heading="false" live-region="0" context-clickable="false" content-invalid="false" window-id="419" />
                            <android.widget.TextView index="2" package="com.saucelabs.mydemoapp.android" class="android.widget.TextView" text="$ 29.99" content-desc="Product Price" resource-id="com.saucelabs.mydemoapp.android:id/priceTV" checkable="false" checked="false" clickable="false" enabled="true" focusable="false" focused="false" long-clickable="false" password="false" scrollable="false" selected="false" bounds="[52,2187][230,2258]" displayed="true" a11y-important="false" screen-reader-focusable="false" drawing-order="3" showing-hint="false" text-entry-key="false" dismissable="false" a11y-focused="false" heading="false" live-region="0" context-clickable="false" content-invalid="false" window-id="419" />
                            <android.view.ViewGroup index="3" package="com.saucelabs.mydemoapp.android" class="android.view.ViewGroup" text="" resource-id="com.saucelabs.mydemoapp.android:id/rattingV" checkable="false" checked="false" clickable="false" enabled="true" focusable="false" focused="false" long-clickable="false" password="false" scrollable="false" selected="false" bounds="[52,2297][369,2337]" displayed="true" a11y-important="false" screen-reader-focusable="false" drawing-order="4" showing-hint="false" text-entry-key="false" dismissable="false" a11y-focused="false" heading="false" live-region="0" context-clickable="false" content-invalid="false" window-id="419">
[...]
                      <android.widget.TextView index="0" package="com.saucelabs.mydemoapp.android" class="android.widget.TextView" text="" resource-id="com.saucelabs.mydemoapp.android:id/topViewTV" checkable="false" checked="false" clickable="false" enabled="true" focusable="false" focused="false" long-clickable="false" password="false" scrollable="false" selected="false" bounds="[0,136][709,207]" displayed="true" a11y-important="true" screen-reader-focusable="false" drawing-order="1" showing-hint="false" text-entry-key="false" dismissable="false" a11y-focused="false" heading="false" live-region="0" context-clickable="false" content-invalid="false" window-id="419" />
                      <android.widget.TextView index="1" package="com.saucelabs.mydemoapp.android" class="android.widget.TextView" text="Catalog" resource-id="com.saucelabs.mydemoapp.android:id/itemTV" checkable="false" checked="false" clickable="true" enabled="true" focusable="true" focused="false" long-clickable="false" password="false" scrollable="false" selected="false" bounds="[21,207][709,312]" displayed="true" a11y-important="true" screen-reader-focusable="false" drawing-order="2" showing-hint="false" text-entry-key="false" dismissable="false" a11y-focused="false" heading="false" live-region="0" context-clickable="false" content-invalid="false" window-id="419" />
                      <android.view.View index="2" package="com.saucelabs.mydemoapp.android" class="android.view.View" text="" resource-id="com.saucelabs.mydemoapp.android:id/itemV" checkable="false" checked="false" clickable="false" enabled="true" focusable="false" focused="false" long-clickable="false" password="false" scrollable="false" selected="false" bounds="[0,333][709,334]" displayed="true" a11y-important="false" screen-reader-focusable="false" drawing-order="3" showing-hint="false" text-entry-key="false" dismissable="false" a11y-focused="false" heading="false" live-region="0" context-clickable="false" content-invalid="false" window-id="419" />
                    </android.view.ViewGroup>
                    <android.view.ViewGroup index="1" package="com.saucelabs.mydemoapp.android" class="android.view.ViewGroup" text="" checkable="false" checked="false" clickable="false" enabled="true" focusable="false" focused="false" long-clickable="false" password="false" scrollable="false" selected="false" bounds="[0,355][709,503]" displayed="true" a11y-important="true" screen-reader-focusable="false" drawing-order="2" showing-hint="false" text-entry-key="false" dismissable="false" a11y-focused="false" heading="false" live-region="0" context-clickable="false" content-invalid="false" window-id="419">
                      <android.widget.TextView index="0" package="com.saucelabs.mydemoapp.android" class="android.widget.TextView" text="WebView" resource-id="com.saucelabs.mydemoapp.android:id/itemTV" checkable="false" checked="false" clickable="true" enabled="true" focusable="true" focused="false" long-clickable="false" password="false" scrollable="false" selected="false" bounds="[21,355][709,460]" displayed="true" a11y-important="true" screen-reader-focusable="false" drawing-order="2" showing-hint="false" text-entry-key="false" dismissable="false" a11y-focused="false" heading="false" live-region="0" context-clickable="false" content-invalid="false" window-id="419" />
                    </android.view.ViewGroup>
                    <android.view.ViewGroup index="2" package="com.saucelabs.mydemoapp.android" class="android.view.ViewGroup" text="" checkable="false" checked="false" clickable="false" enabled="true" focusable="false" focused="false" long-clickable="false" password="false" scrollable="false" selected="false" bounds="[0,503][709,651]" displayed="true" a11y-important="true" screen-reader-focusable="false" drawing-order="3" showing-hint="false" text-entry-key="false" dismissable="false" a11y-focused="false" heading="false" live-region="0" context-clickable="false" content-invalid="false" window-id="419">
                      <android.widget.TextView index="0" package="com.saucelabs.mydemoapp.android" class="android.widget.TextView" text="QR Code Scanner" resource-id="com.saucelabs.mydemoapp.android:id/itemTV" checkable="false" checked="false" clickable="true" enabled="true" focusable="true" focused="false" long-clickable="false" password="false" scrollable="false" selected="false" bounds="[21,503][709,608]" displayed="true" a11y-important="true" screen-reader-focusable="false" drawing-order="2" showing-hint="false" text-entry-key="false" dismissable="false" a11y-focused="false" heading="false" live-region="0" context-clickable="false" content-invalid="false" window-id="419" />
                    </android.view.ViewGroup>
                    <android.view.ViewGroup index="3" package="com.saucelabs.mydemoapp.android" class="android.view.ViewGroup" text="" checkable="false" checked="false" clickable="false" enabled="true" focusable="false" focused="false" long-clickable="false" password="false" scrollable="false" selected="false" bounds="[0,651][709,799]" displayed="true" a11y-important="true" screen-reader-focusable="false" drawing-order="4" showing-hint="false" text-entry-key="false" dismissable="false" a11y-focused="false" heading="false" live-region="0" context-clickable="false" content-invalid="false" window-id="419">
                      <android.widget.TextView index="0" package="com.saucelabs.mydemoapp.android" class="android.widget.TextView" text="Geo Location" resource-id="com.saucelabs.mydemoapp.android:id/itemTV" checkable="false" checked="false" clickable="true" enabled="true" focusable="true" focused="false" long-clickable="false" password="false" scrollable="false" selected="false" bounds="[21,651][709,756]" displayed="true" a11y-important="true" screen-reader-focusable="false" drawing-order="2" showing-hint="false" text-entry-key="false" dismissable="false" a11y-focused="false" heading="false" live-region="0" context-clickable="false" content-invalid="false" window-id="419" />
                    </android.view.ViewGroup>
                    <android.view.ViewGroup index="4" package="com.saucelabs.mydemoapp.android" class="android.view.ViewGroup" text="" checkable="false" checked="false" clickable="false" enabled="true" focusable="false" focused="false" long-clickable="false" password="false" scrollable="false" selected="false" bounds="[0,799][709,947]" displayed="true" a11y-important="true" screen-reader-focusable="false" drawing-order="5" showing-hint="false" text-entry-key="false" dismissable="false" a11y-focused="false" heading="false" live-region="0" context-clickable="false" content-invalid="false" window-id="419">
                      <android.widget.TextView index="0" package="com.saucelabs.mydemoapp.android" class="android.widget.TextView" text="Drawing" resource-id="com.saucelabs.mydemoapp.android:id/itemTV" checkable="false" checked="false" clickable="true" enabled="true" focusable="true" focused="false" long-clickable="false" password="false" scrollable="false" selected="false" bounds="[21,799][709,904]" displayed="true" a11y-important="true" screen-reader-focusable="false" drawing-order="2" showing-hint="false" text-entry-key="false" dismissable="false" a11y-focused="false" heading="false" live-region="0" context-clickable="false" content-invalid="false" window-id="419" />
                      <android.view.View index="1" package="com.saucelabs.mydemoapp.android" class="android.view.View" text="" resource-id="com.saucelabs.mydemoapp.android:id/itemV" checkable="false" checked="false" clickable="false" enabled="true" focusable="false" focused="false" long-clickable="false" password="false" scrollable="false" selected="false" bounds="[0,925][709,926]" displayed="true" a11y-important="false" screen-reader-focusable="false" drawing-order="3" showing-hint="false" text-entry-key="false" dismissable="false" a11y-focused="false" heading="false" live-region="0" context-clickable="false" content-invalid="false" window-id="419" />
                    </android.view.ViewGroup>
                    <android.view.ViewGroup index="5" package="com.saucelabs.mydemoapp.android" class="android.view.ViewGroup" text="" checkable="false" checked="false" clickable="false" enabled="true" focusable="false" focused="false" long-clickable="false" password="false" scrollable="false" selected="false" bounds="[0,947][709,1095]" displayed="true" a11y-important="true" screen-reader-focusable="false" drawing-order="6" showing-hint="false" text-entry-key="false" dismissable="false" a11y-focused="false" heading="false" live-region="0" context-clickable="false" content-invalid="false" window-id="419">
                      <android.widget.TextView index="0" package="com.saucelabs.mydemoapp.android" class="android.widget.TextView" text="About" resource-id="com.saucelabs.mydemoapp.android:id/itemTV" checkable="false" checked="false" clickable="true" enabled="true" focusable="true" focused="false" long-clickable="false" password="false" scrollable="false" selected="false" bounds="[21,947][709,1052]" displayed="true" a11y-important="true" screen-reader-focusable="false" drawing-order="2" showing-hint="false" text-entry-key="false" dismissable="false" a11y-focused="false" heading="false" live-region="0" context-clickable="false" content-invalid="false" window-id="419" />
                    </android.view.ViewGroup>
                    <android.view.ViewGroup index="6" package="com.saucelabs.mydemoapp.android" class="android.view.ViewGroup" text="" checkable="false" checked="false" clickable="false" enabled="true" focusable="false" focused="false" long-clickable="false" password="false" scrollable="false" selected="false" bounds="[0,1095][709,1243]" displayed="true" a11y-important="true" screen-reader-focusable="false" drawing-order="7" showing-hint="false" text-entry-key="false" dismissable="false" a11y-focused="false" heading="false" live-region="0" context-clickable="false" content-invalid="false" window-id="419">
                      <android.widget.TextView index="0" package="com.saucelabs.mydemoapp.android" class="android.widget.TextView" text="Reset App State" resource-id="com.saucelabs.mydemoapp.android:id/itemTV" checkable="false" checked="false" clickable="true" enabled="true" focusable="true" focused="false" long-clickable="false" password="false" scrollable="false" selected="false" bounds="[21,1095][709,1200]" displayed="true" a11y-important="true" screen-reader-focusable="false" drawing-order="2" showing-hint="false" text-entry-key="false" dismissable="false" a11y-focused="false" heading="false" live-region="0" context-clickable="false" content-invalid="false" window-id="419" />
                    </android.view.ViewGroup>
                    <android.view.ViewGroup index="7" package="com.saucelabs.mydemoapp.android" class="android.view.ViewGroup" text="" checkable="false" checked="false" clickable="false" enabled="true" focusable="false" focused="false" long-clickable="false" password="false" scrollable="false" selected="false" bounds="[0,1243][709,1391]" displayed="true" a11y-important="true" screen-reader-focusable="false" drawing-order="8" showing-hint="false" text-entry-key="false" dismissable="false" a11y-focused="false" heading="false" live-region="0" context-clickable="false" content-invalid="false" window-id="419">
                      <android.widget.TextView index="0" package="com.saucelabs.mydemoapp.android" class="android.widget.TextView" text="FingerPrint" resource-id="com.saucelabs.mydemoapp.android:id/itemTV" checkable="false" checked="false" clickable="true" enabled="true" focusable="true" focused="false" long-clickable="false" password="false" scrollable="false" selected="false" bounds="[21,1243][709,1348]" displayed="true" a11y-important="true" screen-reader-focusable="false" drawing-order="2" showing-hint="false" text-entry-key="false" dismissable="false" a11y-focused="false" heading="false" live-region="0" context-clickable="false" content-invalid="false" window-id="419" />
                    </android.view.ViewGroup>
                    <android.view.ViewGroup index="8" package="com.saucelabs.mydemoapp.android" class="android.view.ViewGroup" text="" checkable="false" checked="false" clickable="false" enabled="true" focusable="false" focused="false" long-clickable="false" password="false" scrollable="false" selected="false" bounds="[0,1391][709,1539]" displayed="true" a11y-important="true" screen-reader-focusable="false" drawing-order="9" showing-hint="false" text-entry-key="false" dismissable="false" a11y-focused="false" heading="false" live-region="0" context-clickable="false" content-invalid="false" window-id="419">
                      <android.widget.TextView index="0" package="com.saucelabs.mydemoapp.android" class="android.widget.TextView" text="Virtual USB" resource-id="com.saucelabs.mydemoapp.android:id/itemTV" checkable="false" checked="false" clickable="true" enabled="true" focusable="true" focused="false" long-clickable="false" password="false" scrollable="false" selected="false" bounds="[21,1391][709,1496]" displayed="true" a11y-important="true" screen-reader-focusable="false" drawing-order="2" showing-hint="false" text-entry-key="false" dismissable="false" a11y-focused="false" heading="false" live-region="0" context-clickable="false" content-invalid="false" window-id="419" />
                    </android.view.ViewGroup>
                    <android.view.ViewGroup index="9" package="com.saucelabs.mydemoapp.android" class="android.view.ViewGroup" text="" checkable="false" checked="false" clickable="false" enabled="true" focusable="false" focused="false" long-clickable="false" password="false" scrollable="false" selected="false" bounds="[0,1539][709,1687]" displayed="true" a11y-important="true" screen-reader-focusable="false" drawing-order="10" showing-hint="false" text-entry-key="false" dismissable="false" a11y-focused="false" heading="false" live-region="0" context-clickable="false" content-invalid="false" window-id="419">
                      <android.widget.TextView index="0" package="com.saucelabs.mydemoapp.android" class="android.widget.TextView" text="Crash app (debug)" resource-id="com.saucelabs.mydemoapp.android:id/itemTV" checkable="false" checked="false" clickable="true" enabled="true" focusable="true" focused="false" long-clickable="false" password="false" scrollable="false" selected="false" bounds="[21,1539][709,1644]" displayed="true" a11y-important="true" screen-reader-focusable="false" drawing-order="2" showing-hint="false" text-entry-key="false" dismissable="false" a11y-focused="false" heading="false" live-region="0" context-clickable="false" content-invalid="false" window-id="419" />
                    </android.view.ViewGroup>
                    <android.view.ViewGroup index="10" package="com.saucelabs.mydemoapp.android" class="android.view.ViewGroup" text="" checkable="false" checked="false" clickable="false" enabled="true" focusable="false" focused="false" long-clickable="false" password="false" scrollable="false" selected="false" bounds="[0,1687][709,1835]" displayed="true" a11y-important="true" screen-reader-focusable="false" drawing-order="11" showing-hint="false" text-entry-key="false" dismissable="false" a11y-focused="false" heading="false" live-region="0" context-clickable="false" content-invalid="false" window-id="419">
                      <android.widget.TextView index="0" package="com.saucelabs.mydemoapp.android" class="android.widget.TextView" text="Log In" content-desc="Login Menu Item" resource-id="com.saucelabs.mydemoapp.android:id/itemTV" checkable="false" checked="false" clickable="true" enabled="true" focusable="true" focused="false" long-clickable="false" password="false" scrollable="false" selected="false" bounds="[21,1687][709,1792]" displayed="true" a11y-important="true" screen-reader-focusable="false" drawing-order="2" showing-hint="false" text-entry-key="false" dismissable="false" a11y-focused="false" heading="false" live-region="0" context-clickable="false" content-invalid="false" window-id="419" />
                    </android.view.ViewGroup>
                  </androidx.recyclerview.widget.RecyclerView>
                </android.view.ViewGroup>
              </android.widget.FrameLayout>
            </androidx.drawerlayout.widget.DrawerLayout>
          </android.widget.FrameLayout>
        </android.widget.LinearLayout>
      </android.widget.FrameLayout>
    </android.widget.LinearLayout>
    <android.view.View index="2" package="com.saucelabs.mydemoapp.android" class="android.view.View" text="" resource-id="android:id/navigationBarBackground" checkable="false" checked="false" clickable="false" enabled="true" focusable="false" focused="false" long-clickable="false" password="false" scrollable="false" selected="false" bounds="[0,2337][1080,2400]" displayed="true" a11y-important="false" screen-reader-focusable="false" drawing-order="2" showing-hint="false" text-entry-key="false" dismissable="false" a11y-focused="false" heading="false" live-region="0" context-clickable="false" content-invalid="false" window-id="419" />
  </android.widget.FrameLayout>
</hierarchy>
DEBUG: Menu interaction test passed!
]]></system-out>
  </testcase>
  <testcase name="testAppLaunchesSuccessfully" classname="tests.AppLaunchTest" time="3.001">
    <system-out><![CDATA[The Sauce Labs app has launched successfully!
]]></system-out>
  </testcase>
  <testcase name="testAddToCartFunctionality" classname="tests.CartTest" time="1.537">
    <system-out><![CDATA[✓ Product detail page loaded successfully!
]]></system-out>
  </testcase>
  <testcase name="testCartButtonIsClickable" classname="tests.CartTest" time="0.19">
    <system-out><![CDATA[✓ Cart button is clickable!
]]></system-out>
  </testcase>
  <testcase name="testCartIconPresent" classname="tests.CartTest" time="0.166">
    <system-out><![CDATA[✓ Cart icon is present on the header!
]]></system-out>
  </testcase>
  <testcase name="testLoginScreenElementsPresent" classname="tests.LoginTest" time="4.205">
    <system-out><![CDATA[✓ All login screen elements are present!
]]></system-out>
  </testcase>
  <testcase name="testLoginWithValidCredentials" classname="tests.LoginTest" time="5.256">
    <system-out><![CDATA[✓ Login screen verified successfully!
]]></system-out>
  </testcase>
  <testcase name="testHeaderElementsPresent" classname="tests.NavigationTest" time="0.343">
    <system-out><![CDATA[✓ All header elements are present and visible!
]]></system-out>
  </testcase>
  <testcase name="testMenuDrawerOpens" classname="tests.NavigationTest" time="2.409">
    <system-out><![CDATA[✓ Menu drawer opened with 11 menu items!
]]></system-out>
  </testcase>
  <testcase name="testSortingOptionAvailable" classname="tests.NavigationTest" time="0.218">
    <system-out><![CDATA[✓ Sort/Filter button is available!
]]></system-out>
  </testcase>
  <testcase name="testProductDetailsVisible" classname="tests.ProductBrowsingTest" time="0.419">
    <system-out><![CDATA[✓ Product details visible - Found 4 titles and 4 prices!
]]></system-out>
  </testcase>
  <testcase name="testProductListNotEmpty" classname="tests.ProductBrowsingTest" time="0.182">
    <system-out><![CDATA[✓ Product list contains 4 products!
]]></system-out>
  </testcase>
  <testcase name="testProductsDisplayed" classname="tests.ProductBrowsingTest" time="0.163">
    <system-out><![CDATA[✓ Products page title verified!
]]></system-out>
  </testcase>
</testsuite>