<?xml version="1.0" encoding="UTF-8"?>
<!-- Generated by org.testng.reporters.JUnitXMLReporter -->
<testsuite ignored="0" hostname="DESKTOP-OHDEM5T" failures="0" tests="17" name="Surefire test" time="250.626" errors="0" timestamp="2026-02-28T13:53:58 PKT">
  <testcase classname="tests.AccessibilityTest" name="testAppLaunchAnnouncement" time="0.092"/>
  <testcase classname="tests.AccessibilityTest" name="testProductImageContentDescription" time="0.32"/>
  <testcase classname="tests.AccessibilityTest" name="testScreenReaderFocusability" time="0.257"/>
  <testcase classname="tests.AccessibilityTest" name="testUIElementsAccessibility" time="0.206"/>
  <testcase classname="tests.AppFunctionalTest" name="testValidLogin" time="3.606"/>
  <testcase classname="tests.AppLaunchTest" name="testAppLaunchesSuccessfully" time="3.002"/>
  <testcase classname="tests.CartTest" name="testAddToCartFunctionality" time="1.535"/>
  <testcase classname="tests.CartTest" name="testCartButtonIsClickable" time="0.19"/>
  <testcase classname="tests.CartTest" name="testCartIconPresent" time="0.165"/>
  <testcase classname="tests.LoginTest" name="testLoginScreenElementsPresent" time="4.205"/>
  <testcase classname="tests.LoginTest" name="testLoginWithValidCredentials" time="5.254"/>
  <testcase classname="tests.NavigationTest" name="testHeaderElementsPresent" time="0.342"/>
  <testcase classname="tests.NavigationTest" name="testMenuDrawerOpens" time="2.407"/>
  <testcase classname="tests.NavigationTest" name="testSortingOptionAvailable" time="0.217"/>
  <testcase classname="tests.ProductBrowsingTest" name="testProductDetailsVisible" time="0.417"/>
  <testcase classname="tests.ProductBrowsingTest" name="testProductListNotEmpty" time="0.18"/>
  <testcase classname="tests.ProductBrowsingTest" name="testProductsDisplayed" time="0.162"/>
</testsuite> <!-- Surefire test -->
