<?xml version="1.0" encoding="UTF-8"?>
<!-- Generated by org.testng.reporters.JUnitReportReporter -->
<testsuite hostname="DESKTOP-OHDEM5T" failures="0" tests="3" name="tests.CartTest" time="41.507" errors="0" timestamp="2026-02-28T13:53:58 PKT" skipped="0">
  <testcase classname="tests.CartTest" name="testCartIconPresent" time="12.830"/>
  <testcase classname="tests.CartTest" name="testAddToCartFunctionality" time="14.865"/>
  <testcase classname="tests.CartTest" name="testCartButtonIsClickable" time="13.812"/>
</testsuite> <!-- tests.CartTest -->
