<?xml version="1.0" encoding="UTF-8"?>
<!-- Generated by org.testng.reporters.JUnitReportReporter -->
<testsuite hostname="DESKTOP-OHDEM5T" failures="0" tests="3" name="tests.NavigationTest" time="42.742" errors="0" timestamp="2026-02-28T13:53:58 PKT" skipped="0">
  <testcase classname="tests.NavigationTest" name="testMenuDrawerOpens" time="15.845"/>
  <testcase classname="tests.NavigationTest" name="testHeaderElementsPresent" time="13.754"/>
  <testcase classname="tests.NavigationTest" name="testSortingOptionAvailable" time="13.143"/>
</testsuite> <!-- tests.NavigationTest -->
