<?xml version="1.0" encoding="UTF-8"?>
<!-- Generated by org.testng.reporters.JUnitReportReporter -->
<testsuite hostname="DESKTOP-OHDEM5T" failures="0" tests="3" name="tests.ProductBrowsingTest" time="41.093" errors="0" timestamp="2026-02-28T13:53:58 PKT" skipped="0">
  <testcase classname="tests.ProductBrowsingTest" name="testProductDetailsVisible" time="15.217"/>
  <testcase classname="tests.ProductBrowsingTest" name="testProductListNotEmpty" time="12.898"/>
  <testcase classname="tests.ProductBrowsingTest" name="testProductsDisplayed" time="12.978"/>
</testsuite> <!-- tests.ProductBrowsingTest -->
