<?xml version="1.0" encoding="UTF-8"?>
<!-- Generated by org.testng.reporters.JUnitReportReporter -->
<testsuite hostname="DESKTOP-OHDEM5T" failures="0" tests="4" name="tests.AccessibilityTest" time="54.360" errors="0" timestamp="2026-02-28T13:53:58 PKT" skipped="0">
  <testcase classname="tests.AccessibilityTest" name="testUIElementsAccessibility" time="14.814"/>
  <testcase classname="tests.AccessibilityTest" name="testAppLaunchAnnouncement" time="13.108"/>
  <testcase classname="tests.AccessibilityTest" name="testScreenReaderFocusability" time="13.131"/>
  <testcase classname="tests.AccessibilityTest" name="testProductImageContentDescription" time="13.307"/>
</testsuite> <!-- tests.AccessibilityTest -->
