<?xml version="1.0" encoding="UTF-8"?>
<!-- Generated by org.testng.reporters.JUnitXMLReporter -->
<testsuite ignored="0" hostname="DESKTOP-OHDEM5T" failures="0" tests="1" name="Surefire test" time="20.838" errors="0" timestamp="2026-02-28T11:11:39 PKT">
  <testcase classname="base.BaseTest" name="@BeforeMethod setUp" time="20.794">
    <failure type="org.openqa.selenium.SessionNotCreatedException" message="Could not start a new session. Response code 500. Message: Could not find a connected Android device in 20000ms 
Host info: host: &amp;apos;DESKTOP-OHDEM5T&amp;apos;, ip: &amp;apos;192.168.1.103&amp;apos;
Build info: version: &amp;apos;4.10.0&amp;apos;, revision: &amp;apos;c14d967899&amp;apos;
System info: os.name: &amp;apos;Windows 10&amp;apos;, os.arch: &amp;apos;amd64&amp;apos;, os.version: &amp;apos;10.0&amp;apos;, java.version: &amp;apos;17.0.12&amp;apos;
Driver info: io.appium.java_client.android.AndroidDriver
Command: [null, newSession {capabilities=[{appium:autoGrantPermissions=true, platformName=ANDROID, appium:automationName=UIAutomator2, appium:app=D:\DevOps\Mobile-Test-Automation-Git-Appium-Java\mobile-automation\app\mda-2.2.0-25.apk}], desiredCapabilities=Capabilities {appium:app: D:\DevOps\Mobile-Test-Autom..., appium:autoGrantPermissions: true, appium:automationName: UIAutomator2, platformName: ANDROID}}]
Capabilities {appium:app: D:\DevOps\Mobile-Test-Autom..., appium:autoGrantPermissions: true, appium:automationName: UIAutomator2, platformName: ANDROID}">
      <![CDATA[org.openqa.selenium.SessionNotCreatedException: Could not start a new session. Response code 500. Message: Could not find a connected Android device in 20000ms 
Host info: host: 'DESKTOP-OHDEM5T', ip: '192.168.1.103'
Build info: version: '4.10.0', revision: 'c14d967899'
System info: os.name: 'Windows 10', os.arch: 'amd64', os.version: '10.0', java.version: '17.0.12'
Driver info: io.appium.java_client.android.AndroidDriver
Command: [null, newSession {capabilities=[{appium:autoGrantPermissions=true, platformName=ANDROID, appium:automationName=UIAutomator2, appium:app=D:\DevOps\Mobile-Test-Automation-Git-Appium-Java\mobile-automation\app\mda-2.2.0-25.apk}], desiredCapabilities=Capabilities {appium:app: D:\DevOps\Mobile-Test-Autom..., appium:autoGrantPermissions: true, appium:automationName: UIAutomator2, platformName: ANDROID}}]
Capabilities {appium:app: D:\DevOps\Mobile-Test-Autom..., appium:autoGrantPermissions: true, appium:automationName: UIAutomator2, platformName: ANDROID}
at org.openqa.selenium.remote.ProtocolHandshake.createSession(ProtocolHandshake.java:140)
at io.appium.java_client.remote.AppiumProtocolHandshake.createSession(AppiumProtocolHandshake.java:133)
at io.appium.java_client.remote.AppiumProtocolHandshake.createSession(AppiumProtocolHandshake.java:102)
at io.appium.java_client.remote.AppiumCommandExecutor.createSession(AppiumCommandExecutor.java:182)
at io.appium.java_client.remote.AppiumCommandExecutor.execute(AppiumCommandExecutor.java:250)
at org.openqa.selenium.remote.RemoteWebDriver.execute(RemoteWebDriver.java:531)
at io.appium.java_client.AppiumDriver.startSession(AppiumDriver.java:274)
at org.openqa.selenium.remote.RemoteWebDriver.<init>(RemoteWebDriver.java:154)
at io.appium.java_client.AppiumDriver.<init>(AppiumDriver.java:89)
at io.appium.java_client.AppiumDriver.<init>(AppiumDriver.java:101)
at io.appium.java_client.android.AndroidDriver.<init>(AndroidDriver.java:113)
at base.BaseTest.setUp(BaseTest.java:27)
at java.base/java.util.ArrayList.forEach(ArrayList.java:1511)
... Removed 40 stack frames]]>
    </failure>
  </testcase> <!-- @BeforeMethod setUp -->
  <testcase classname="base.BaseTest" name="@AfterMethod tearDown" time="0.0">
    <skipped/>
  </testcase> <!-- @AfterMethod tearDown -->
  <testcase classname="tests.AppLaunchTest" name="testAppLaunchesSuccessfully" time="0.0">
    <skipped/>
  </testcase> <!-- testAppLaunchesSuccessfully -->
</testsuite> <!-- Surefire test -->
